<?xml version="1.0" encoding="UTF-8"?>
<testng-results ignored="0" total="17" passed="14" failed="3" skipped="0">
  <reporter-output>
  </reporter-output>
  <suite started-at="2020-05-04T12:32:49 IST" name="Default suite" finished-at="2020-05-04T12:35:56 IST" duration-ms="186951">
    <groups>
    </groups>
    <test started-at="2020-05-04T12:32:49 IST" name="Default test" finished-at="2020-05-04T12:35:56 IST" duration-ms="186951">
      <class name="ezcontent.qa.testcases.LandingPageTest">
        <test-method is-config="true" signature="setup()[pri:0, instance:ezcontent.qa.testcases.LandingPageTest@7ea37dbf]" started-at="2020-05-04T12:32:49 IST" name="setup" finished-at="2020-05-04T12:33:11 IST" duration-ms="22005" status="PASS">
          <reporter-output>
          </reporter-output>
        </test-method> <!-- setup -->
        <test-method signature="redirectiontest()[pri:0, instance:ezcontent.qa.testcases.LandingPageTest@7ea37dbf]" started-at="2020-05-04T12:33:11 IST" name="redirectiontest" finished-at="2020-05-04T12:33:17 IST" duration-ms="6307" status="PASS">
          <reporter-output>
          </reporter-output>
        </test-method> <!-- redirectiontest -->
        <test-method is-config="true" signature="takeScreenShotOnFailure(org.testng.ITestResult)[pri:0, instance:ezcontent.qa.testcases.LandingPageTest@7ea37dbf]" started-at="2020-05-04T12:33:17 IST" name="takeScreenShotOnFailure" finished-at="2020-05-04T12:33:17 IST" duration-ms="3" status="PASS">
          <params>
            <param index="0">
              <value>
                <![CDATA[[TestResult name=redirectiontest status=SUCCESS method=LandingPageTest.redirectiontest()[pri:0, instance:ezcontent.qa.testcases.LandingPageTest@7ea37dbf] output={null}]]]>
              </value>
            </param>
          </params>
          <reporter-output>
          </reporter-output>
        </test-method> <!-- takeScreenShotOnFailure -->
        <test-method signature="landingPageTitleTest()[pri:1, instance:ezcontent.qa.testcases.LandingPageTest@7ea37dbf]" started-at="2020-05-04T12:33:17 IST" name="landingPageTitleTest" finished-at="2020-05-04T12:33:17 IST" duration-ms="11" status="PASS">
          <reporter-output>
          </reporter-output>
        </test-method> <!-- landingPageTitleTest -->
        <test-method is-config="true" signature="takeScreenShotOnFailure(org.testng.ITestResult)[pri:0, instance:ezcontent.qa.testcases.LandingPageTest@7ea37dbf]" started-at="2020-05-04T12:33:17 IST" name="takeScreenShotOnFailure" finished-at="2020-05-04T12:33:17 IST" duration-ms="1" status="PASS">
          <params>
            <param index="0">
              <value>
                <![CDATA[[TestResult name=landingPageTitleTest status=SUCCESS method=LandingPageTest.landingPageTitleTest()[pri:1, instance:ezcontent.qa.testcases.LandingPageTest@7ea37dbf] output={null}]]]>
              </value>
            </param>
          </params>
          <reporter-output>
          </reporter-output>
        </test-method> <!-- takeScreenShotOnFailure -->
        <test-method signature="validateTitleFieldTest()[pri:2, instance:ezcontent.qa.testcases.LandingPageTest@7ea37dbf]" started-at="2020-05-04T12:33:17 IST" name="validateTitleFieldTest" finished-at="2020-05-04T12:33:18 IST" duration-ms="212" status="PASS">
          <reporter-output>
          </reporter-output>
        </test-method> <!-- validateTitleFieldTest -->
        <test-method is-config="true" signature="takeScreenShotOnFailure(org.testng.ITestResult)[pri:0, instance:ezcontent.qa.testcases.LandingPageTest@7ea37dbf]" started-at="2020-05-04T12:33:18 IST" name="takeScreenShotOnFailure" finished-at="2020-05-04T12:33:18 IST" duration-ms="1" status="PASS">
          <params>
            <param index="0">
              <value>
                <![CDATA[[TestResult name=validateTitleFieldTest status=SUCCESS method=LandingPageTest.validateTitleFieldTest()[pri:2, instance:ezcontent.qa.testcases.LandingPageTest@7ea37dbf] output={null}]]]>
              </value>
            </param>
          </params>
          <reporter-output>
          </reporter-output>
        </test-method> <!-- takeScreenShotOnFailure -->
        <test-method signature="validateTitleFieldLabelTest()[pri:3, instance:ezcontent.qa.testcases.LandingPageTest@7ea37dbf]" started-at="2020-05-04T12:33:18 IST" name="validateTitleFieldLabelTest" finished-at="2020-05-04T12:33:18 IST" duration-ms="35" status="PASS">
          <reporter-output>
          </reporter-output>
        </test-method> <!-- validateTitleFieldLabelTest -->
        <test-method is-config="true" signature="takeScreenShotOnFailure(org.testng.ITestResult)[pri:0, instance:ezcontent.qa.testcases.LandingPageTest@7ea37dbf]" started-at="2020-05-04T12:33:18 IST" name="takeScreenShotOnFailure" finished-at="2020-05-04T12:33:18 IST" duration-ms="0" status="PASS">
          <params>
            <param index="0">
              <value>
                <![CDATA[[TestResult name=validateTitleFieldLabelTest status=SUCCESS method=LandingPageTest.validateTitleFieldLabelTest()[pri:3, instance:ezcontent.qa.testcases.LandingPageTest@7ea37dbf] output={null}]]]>
              </value>
            </param>
          </params>
          <reporter-output>
          </reporter-output>
        </test-method> <!-- takeScreenShotOnFailure -->
        <test-method signature="validateLogFieldTest()[pri:5, instance:ezcontent.qa.testcases.LandingPageTest@7ea37dbf]" started-at="2020-05-04T12:33:18 IST" name="validateLogFieldTest" finished-at="2020-05-04T12:33:18 IST" duration-ms="306" status="PASS">
          <reporter-output>
          </reporter-output>
        </test-method> <!-- validateLogFieldTest -->
        <test-method is-config="true" signature="takeScreenShotOnFailure(org.testng.ITestResult)[pri:0, instance:ezcontent.qa.testcases.LandingPageTest@7ea37dbf]" started-at="2020-05-04T12:33:18 IST" name="takeScreenShotOnFailure" finished-at="2020-05-04T12:33:18 IST" duration-ms="0" status="PASS">
          <params>
            <param index="0">
              <value>
                <![CDATA[[TestResult name=validateLogFieldTest status=SUCCESS method=LandingPageTest.validateLogFieldTest()[pri:5, instance:ezcontent.qa.testcases.LandingPageTest@7ea37dbf] output={null}]]]>
              </value>
            </param>
          </params>
          <reporter-output>
          </reporter-output>
        </test-method> <!-- takeScreenShotOnFailure -->
        <test-method signature="EnterBody()[pri:6, instance:ezcontent.qa.testcases.LandingPageTest@7ea37dbf]" started-at="2020-05-04T12:33:18 IST" name="EnterBody" finished-at="2020-05-04T12:33:23 IST" duration-ms="5224" status="PASS">
          <reporter-output>
          </reporter-output>
        </test-method> <!-- EnterBody -->
        <test-method is-config="true" signature="takeScreenShotOnFailure(org.testng.ITestResult)[pri:0, instance:ezcontent.qa.testcases.LandingPageTest@7ea37dbf]" started-at="2020-05-04T12:33:23 IST" name="takeScreenShotOnFailure" finished-at="2020-05-04T12:33:23 IST" duration-ms="0" status="PASS">
          <params>
            <param index="0">
              <value>
                <![CDATA[[TestResult name=EnterBody status=SUCCESS method=LandingPageTest.EnterBody()[pri:6, instance:ezcontent.qa.testcases.LandingPageTest@7ea37dbf] output={null}]]]>
              </value>
            </param>
          </params>
          <reporter-output>
          </reporter-output>
        </test-method> <!-- takeScreenShotOnFailure -->
        <test-method signature="validateCreationStatusMessage()[pri:7, instance:ezcontent.qa.testcases.LandingPageTest@7ea37dbf]" started-at="2020-05-04T12:33:23 IST" name="validateCreationStatusMessage" finished-at="2020-05-04T12:33:27 IST" duration-ms="4281" status="PASS">
          <reporter-output>
          </reporter-output>
        </test-method> <!-- validateCreationStatusMessage -->
        <test-method is-config="true" signature="takeScreenShotOnFailure(org.testng.ITestResult)[pri:0, instance:ezcontent.qa.testcases.LandingPageTest@7ea37dbf]" started-at="2020-05-04T12:33:27 IST" name="takeScreenShotOnFailure" finished-at="2020-05-04T12:33:27 IST" duration-ms="1" status="PASS">
          <params>
            <param index="0">
              <value>
                <![CDATA[[TestResult name=validateCreationStatusMessage status=SUCCESS method=LandingPageTest.validateCreationStatusMessage()[pri:7, instance:ezcontent.qa.testcases.LandingPageTest@7ea37dbf] output={null}]]]>
              </value>
            </param>
          </params>
          <reporter-output>
          </reporter-output>
        </test-method> <!-- takeScreenShotOnFailure -->
        <test-method signature="closeStatusMsg()[pri:8, instance:ezcontent.qa.testcases.LandingPageTest@7ea37dbf]" started-at="2020-05-04T12:33:27 IST" name="closeStatusMsg" finished-at="2020-05-04T12:33:27 IST" duration-ms="78" status="PASS">
          <reporter-output>
          </reporter-output>
        </test-method> <!-- closeStatusMsg -->
        <test-method is-config="true" signature="takeScreenShotOnFailure(org.testng.ITestResult)[pri:0, instance:ezcontent.qa.testcases.LandingPageTest@7ea37dbf]" started-at="2020-05-04T12:33:27 IST" name="takeScreenShotOnFailure" finished-at="2020-05-04T12:33:27 IST" duration-ms="1" status="PASS">
          <params>
            <param index="0">
              <value>
                <![CDATA[[TestResult name=closeStatusMsg status=SUCCESS method=LandingPageTest.closeStatusMsg()[pri:8, instance:ezcontent.qa.testcases.LandingPageTest@7ea37dbf] output={null}]]]>
              </value>
            </param>
          </params>
          <reporter-output>
          </reporter-output>
        </test-method> <!-- takeScreenShotOnFailure -->
        <test-method signature="validatelayoutStatusMsg()[pri:9, instance:ezcontent.qa.testcases.LandingPageTest@7ea37dbf]" started-at="2020-05-04T12:33:27 IST" name="validatelayoutStatusMsg" finished-at="2020-05-04T12:33:30 IST" duration-ms="2472" status="PASS">
          <reporter-output>
          </reporter-output>
        </test-method> <!-- validatelayoutStatusMsg -->
        <test-method is-config="true" signature="takeScreenShotOnFailure(org.testng.ITestResult)[pri:0, instance:ezcontent.qa.testcases.LandingPageTest@7ea37dbf]" started-at="2020-05-04T12:33:30 IST" name="takeScreenShotOnFailure" finished-at="2020-05-04T12:33:30 IST" duration-ms="1" status="PASS">
          <params>
            <param index="0">
              <value>
                <![CDATA[[TestResult name=validatelayoutStatusMsg status=SUCCESS method=LandingPageTest.validatelayoutStatusMsg()[pri:9, instance:ezcontent.qa.testcases.LandingPageTest@7ea37dbf] output={null}]]]>
              </value>
            </param>
          </params>
          <reporter-output>
          </reporter-output>
        </test-method> <!-- takeScreenShotOnFailure -->
        <test-method signature="validateSectionCountInLayout()[pri:10, instance:ezcontent.qa.testcases.LandingPageTest@7ea37dbf]" started-at="2020-05-04T12:33:30 IST" name="validateSectionCountInLayout" finished-at="2020-05-04T12:33:36 IST" duration-ms="6247" status="PASS">
          <reporter-output>
          </reporter-output>
        </test-method> <!-- validateSectionCountInLayout -->
        <test-method is-config="true" signature="takeScreenShotOnFailure(org.testng.ITestResult)[pri:0, instance:ezcontent.qa.testcases.LandingPageTest@7ea37dbf]" started-at="2020-05-04T12:33:36 IST" name="takeScreenShotOnFailure" finished-at="2020-05-04T12:33:36 IST" duration-ms="0" status="PASS">
          <params>
            <param index="0">
              <value>
                <![CDATA[[TestResult name=validateSectionCountInLayout status=SUCCESS method=LandingPageTest.validateSectionCountInLayout()[pri:10, instance:ezcontent.qa.testcases.LandingPageTest@7ea37dbf] output={null}]]]>
              </value>
            </param>
          </params>
          <reporter-output>
          </reporter-output>
        </test-method> <!-- takeScreenShotOnFailure -->
        <test-method signature="chooseAndAddBlock()[pri:11, instance:ezcontent.qa.testcases.LandingPageTest@7ea37dbf]" started-at="2020-05-04T12:33:36 IST" name="chooseAndAddBlock" finished-at="2020-05-04T12:33:43 IST" duration-ms="6509" status="PASS">
          <reporter-output>
          </reporter-output>
        </test-method> <!-- chooseAndAddBlock -->
        <test-method is-config="true" signature="takeScreenShotOnFailure(org.testng.ITestResult)[pri:0, instance:ezcontent.qa.testcases.LandingPageTest@7ea37dbf]" started-at="2020-05-04T12:33:43 IST" name="takeScreenShotOnFailure" finished-at="2020-05-04T12:33:43 IST" duration-ms="0" status="PASS">
          <params>
            <param index="0">
              <value>
                <![CDATA[[TestResult name=chooseAndAddBlock status=SUCCESS method=LandingPageTest.chooseAndAddBlock()[pri:11, instance:ezcontent.qa.testcases.LandingPageTest@7ea37dbf] output={null}]]]>
              </value>
            </param>
          </params>
          <reporter-output>
          </reporter-output>
        </test-method> <!-- takeScreenShotOnFailure -->
        <test-method signature="blockConfiguration()[pri:12, instance:ezcontent.qa.testcases.LandingPageTest@7ea37dbf]" started-at="2020-05-04T12:33:43 IST" name="blockConfiguration" finished-at="2020-05-04T12:33:56 IST" duration-ms="13142" status="PASS">
          <reporter-output>
          </reporter-output>
        </test-method> <!-- blockConfiguration -->
        <test-method is-config="true" signature="takeScreenShotOnFailure(org.testng.ITestResult)[pri:0, instance:ezcontent.qa.testcases.LandingPageTest@7ea37dbf]" started-at="2020-05-04T12:33:56 IST" name="takeScreenShotOnFailure" finished-at="2020-05-04T12:33:56 IST" duration-ms="1" status="PASS">
          <params>
            <param index="0">
              <value>
                <![CDATA[[TestResult name=blockConfiguration status=SUCCESS method=LandingPageTest.blockConfiguration()[pri:12, instance:ezcontent.qa.testcases.LandingPageTest@7ea37dbf] output={null}]]]>
              </value>
            </param>
          </params>
          <reporter-output>
          </reporter-output>
        </test-method> <!-- takeScreenShotOnFailure -->
        <test-method signature="secondBlockConfiguration()[pri:13, instance:ezcontent.qa.testcases.LandingPageTest@7ea37dbf]" started-at="2020-05-04T12:33:56 IST" name="secondBlockConfiguration" finished-at="2020-05-04T12:34:29 IST" duration-ms="33060" status="FAIL">
          <exception class="org.openqa.selenium.NoSuchElementException">
            <message>
              <![CDATA[no such element: Unable to locate element: {"method":"xpath","selector":"//a[@id='ui-id-16']"}
  (Session info: chrome=81.0.4044.129)
For documentation on this error, please visit: https://www.seleniumhq.org/exceptions/no_such_element.html
Build info: version: '3.141.59', revision: 'e82be7d358', time: '2018-11-14T08:17:03'
System info: host: 'Poonam-Lata-MBP.local', ip: '192.168.1.100', os.name: 'Mac OS X', os.arch: 'x86_64', os.version: '10.12.6', java.version: '13.0.2'
Driver info: org.openqa.selenium.chrome.ChromeDriver
Capabilities {acceptInsecureCerts: false, browserName: chrome, browserVersion: 81.0.4044.129, chrome: {chromedriverVersion: 81.0.4044.69 (6813546031a4b..., userDataDir: /var/folders/tf/r49cy4dx4b1...}, goog:chromeOptions: {debuggerAddress: localhost:49337}, javascriptEnabled: true, networkConnectionEnabled: false, pageLoadStrategy: normal, platform: MAC, platformName: MAC, proxy: Proxy(), setWindowRect: true, strictFileInteractability: false, timeouts: {implicit: 0, pageLoad: 300000, script: 30000}, unhandledPromptBehavior: dismiss and notify, webauthn:virtualAuthenticators: true}
Session ID: 721a5703374b91ebbe4a99cbdc2a43db
*** Element info: {Using=xpath, value=//a[@id='ui-id-16']}]]>
            </message>
            <full-stacktrace>
              <![CDATA[org.openqa.selenium.NoSuchElementException: no such element: Unable to locate element: {"method":"xpath","selector":"//a[@id='ui-id-16']"}
  (Session info: chrome=81.0.4044.129)
For documentation on this error, please visit: https://www.seleniumhq.org/exceptions/no_such_element.html
Build info: version: '3.141.59', revision: 'e82be7d358', time: '2018-11-14T08:17:03'
System info: host: 'Poonam-Lata-MBP.local', ip: '192.168.1.100', os.name: 'Mac OS X', os.arch: 'x86_64', os.version: '10.12.6', java.version: '13.0.2'
Driver info: org.openqa.selenium.chrome.ChromeDriver
Capabilities {acceptInsecureCerts: false, browserName: chrome, browserVersion: 81.0.4044.129, chrome: {chromedriverVersion: 81.0.4044.69 (6813546031a4b..., userDataDir: /var/folders/tf/r49cy4dx4b1...}, goog:chromeOptions: {debuggerAddress: localhost:49337}, javascriptEnabled: true, networkConnectionEnabled: false, pageLoadStrategy: normal, platform: MAC, platformName: MAC, proxy: Proxy(), setWindowRect: true, strictFileInteractability: false, timeouts: {implicit: 0, pageLoad: 300000, script: 30000}, unhandledPromptBehavior: dismiss and notify, webauthn:virtualAuthenticators: true}
Session ID: 721a5703374b91ebbe4a99cbdc2a43db
*** Element info: {Using=xpath, value=//a[@id='ui-id-16']}
at java.base/jdk.internal.reflect.NativeConstructorAccessorImpl.newInstance0(Native Method)
at java.base/jdk.internal.reflect.NativeConstructorAccessorImpl.newInstance(NativeConstructorAccessorImpl.java:62)
at java.base/jdk.internal.reflect.DelegatingConstructorAccessorImpl.newInstance(DelegatingConstructorAccessorImpl.java:45)
at java.base/java.lang.reflect.Constructor.newInstanceWithCaller(Constructor.java:500)
at java.base/java.lang.reflect.Constructor.newInstance(Constructor.java:481)
at org.openqa.selenium.remote.http.W3CHttpResponseCodec.createException(W3CHttpResponseCodec.java:187)
at org.openqa.selenium.remote.http.W3CHttpResponseCodec.decode(W3CHttpResponseCodec.java:122)
at org.openqa.selenium.remote.http.W3CHttpResponseCodec.decode(W3CHttpResponseCodec.java:49)
at org.openqa.selenium.remote.HttpCommandExecutor.execute(HttpCommandExecutor.java:158)
at org.openqa.selenium.remote.service.DriverCommandExecutor.execute(DriverCommandExecutor.java:83)
at org.openqa.selenium.remote.RemoteWebDriver.execute(RemoteWebDriver.java:552)
at org.openqa.selenium.remote.RemoteWebDriver.findElement(RemoteWebDriver.java:323)
at org.openqa.selenium.remote.RemoteWebDriver.findElementByXPath(RemoteWebDriver.java:428)
at org.openqa.selenium.By$ByXPath.findElement(By.java:353)
at org.openqa.selenium.remote.RemoteWebDriver.findElement(RemoteWebDriver.java:315)
at org.openqa.selenium.support.pagefactory.DefaultElementLocator.findElement(DefaultElementLocator.java:69)
at org.openqa.selenium.support.pagefactory.internal.LocatingElementHandler.invoke(LocatingElementHandler.java:38)
at com.sun.proxy.$Proxy12.sendKeys(Unknown Source)
at ezcontent.qa.pages.LandingPage.secondSection(LandingPage.java:410)
at ezcontent.qa.testcases.LandingPageTest.secondBlockConfiguration(LandingPageTest.java:137)
at java.base/jdk.internal.reflect.NativeMethodAccessorImpl.invoke0(Native Method)
at java.base/jdk.internal.reflect.NativeMethodAccessorImpl.invoke(NativeMethodAccessorImpl.java:62)
at java.base/jdk.internal.reflect.DelegatingMethodAccessorImpl.invoke(DelegatingMethodAccessorImpl.java:43)
at java.base/java.lang.reflect.Method.invoke(Method.java:567)
at org.testng.internal.MethodInvocationHelper.invokeMethod(MethodInvocationHelper.java:134)
at org.testng.internal.TestInvoker.invokeMethod(TestInvoker.java:597)
at org.testng.internal.TestInvoker.invokeTestMethod(TestInvoker.java:173)
at org.testng.internal.MethodRunner.runInSequence(MethodRunner.java:46)
at org.testng.internal.TestInvoker$MethodInvocationAgent.invoke(TestInvoker.java:816)
at org.testng.internal.TestInvoker.invokeTestMethods(TestInvoker.java:146)
at org.testng.internal.TestMethodWorker.invokeTestMethods(TestMethodWorker.java:146)
at org.testng.internal.TestMethodWorker.run(TestMethodWorker.java:128)
at java.base/java.util.ArrayList.forEach(ArrayList.java:1507)
at org.testng.TestRunner.privateRun(TestRunner.java:766)
at org.testng.TestRunner.run(TestRunner.java:587)
at org.testng.SuiteRunner.runTest(SuiteRunner.java:384)
at org.testng.SuiteRunner.runSequentially(SuiteRunner.java:378)
at org.testng.SuiteRunner.privateRun(SuiteRunner.java:337)
at org.testng.SuiteRunner.run(SuiteRunner.java:286)
at org.testng.SuiteRunnerWorker.runSuite(SuiteRunnerWorker.java:53)
at org.testng.SuiteRunnerWorker.run(SuiteRunnerWorker.java:96)
at org.testng.TestNG.runSuitesSequentially(TestNG.java:1187)
at org.testng.TestNG.runSuitesLocally(TestNG.java:1109)
at org.testng.TestNG.runSuites(TestNG.java:1039)
at org.testng.TestNG.run(TestNG.java:1007)
at org.testng.remote.AbstractRemoteTestNG.run(AbstractRemoteTestNG.java:115)
at org.testng.remote.RemoteTestNG.initAndRun(RemoteTestNG.java:251)
at org.testng.remote.RemoteTestNG.main(RemoteTestNG.java:77)
]]>
            </full-stacktrace>
          </exception> <!-- org.openqa.selenium.NoSuchElementException -->
          <reporter-output>
          </reporter-output>
        </test-method> <!-- secondBlockConfiguration -->
        <test-method is-config="true" signature="takeScreenShotOnFailure(org.testng.ITestResult)[pri:0, instance:ezcontent.qa.testcases.LandingPageTest@7ea37dbf]" started-at="2020-05-04T12:34:29 IST" name="takeScreenShotOnFailure" finished-at="2020-05-04T12:34:29 IST" duration-ms="328" status="PASS">
          <params>
            <param index="0">
              <value>
                <![CDATA[[TestResult name=secondBlockConfiguration status=FAILURE method=LandingPageTest.secondBlockConfiguration()[pri:13, instance:ezcontent.qa.testcases.LandingPageTest@7ea37dbf] output={null}]]]>
              </value>
            </param>
          </params>
          <reporter-output>
          </reporter-output>
        </test-method> <!-- takeScreenShotOnFailure -->
        <test-method signature="thirdBlockConfiguration()[pri:14, instance:ezcontent.qa.testcases.LandingPageTest@7ea37dbf]" started-at="2020-05-04T12:34:29 IST" name="thirdBlockConfiguration" finished-at="2020-05-04T12:34:43 IST" duration-ms="14222" status="PASS">
          <reporter-output>
          </reporter-output>
        </test-method> <!-- thirdBlockConfiguration -->
        <test-method is-config="true" signature="takeScreenShotOnFailure(org.testng.ITestResult)[pri:0, instance:ezcontent.qa.testcases.LandingPageTest@7ea37dbf]" started-at="2020-05-04T12:34:43 IST" name="takeScreenShotOnFailure" finished-at="2020-05-04T12:34:43 IST" duration-ms="0" status="PASS">
          <params>
            <param index="0">
              <value>
                <![CDATA[[TestResult name=thirdBlockConfiguration status=SUCCESS method=LandingPageTest.thirdBlockConfiguration()[pri:14, instance:ezcontent.qa.testcases.LandingPageTest@7ea37dbf] output={null}]]]>
              </value>
            </param>
          </params>
          <reporter-output>
          </reporter-output>
        </test-method> <!-- takeScreenShotOnFailure -->
        <test-method signature="fifthBlockConfiguration()[pri:15, instance:ezcontent.qa.testcases.LandingPageTest@7ea37dbf]" started-at="2020-05-04T12:34:43 IST" name="fifthBlockConfiguration" finished-at="2020-05-04T12:35:09 IST" duration-ms="25115" status="FAIL">
          <exception class="org.openqa.selenium.NoSuchElementException">
            <message>
              <![CDATA[no such element: Unable to locate element: {"method":"xpath","selector":"//div[@id='drupal-off-canvas']//ul[@class='layout-selection list-group']"}
  (Session info: chrome=81.0.4044.129)
For documentation on this error, please visit: https://www.seleniumhq.org/exceptions/no_such_element.html
Build info: version: '3.141.59', revision: 'e82be7d358', time: '2018-11-14T08:17:03'
System info: host: 'Poonam-Lata-MBP.local', ip: '192.168.1.100', os.name: 'Mac OS X', os.arch: 'x86_64', os.version: '10.12.6', java.version: '13.0.2'
Driver info: org.openqa.selenium.chrome.ChromeDriver
Capabilities {acceptInsecureCerts: false, browserName: chrome, browserVersion: 81.0.4044.129, chrome: {chromedriverVersion: 81.0.4044.69 (6813546031a4b..., userDataDir: /var/folders/tf/r49cy4dx4b1...}, goog:chromeOptions: {debuggerAddress: localhost:49337}, javascriptEnabled: true, networkConnectionEnabled: false, pageLoadStrategy: normal, platform: MAC, platformName: MAC, proxy: Proxy(), setWindowRect: true, strictFileInteractability: false, timeouts: {implicit: 0, pageLoad: 300000, script: 30000}, unhandledPromptBehavior: dismiss and notify, webauthn:virtualAuthenticators: true}
Session ID: 721a5703374b91ebbe4a99cbdc2a43db
*** Element info: {Using=xpath, value=//div[@id='drupal-off-canvas']//ul[@class='layout-selection list-group']}]]>
            </message>
            <full-stacktrace>
              <![CDATA[org.openqa.selenium.NoSuchElementException: no such element: Unable to locate element: {"method":"xpath","selector":"//div[@id='drupal-off-canvas']//ul[@class='layout-selection list-group']"}
  (Session info: chrome=81.0.4044.129)
For documentation on this error, please visit: https://www.seleniumhq.org/exceptions/no_such_element.html
Build info: version: '3.141.59', revision: 'e82be7d358', time: '2018-11-14T08:17:03'
System info: host: 'Poonam-Lata-MBP.local', ip: '192.168.1.100', os.name: 'Mac OS X', os.arch: 'x86_64', os.version: '10.12.6', java.version: '13.0.2'
Driver info: org.openqa.selenium.chrome.ChromeDriver
Capabilities {acceptInsecureCerts: false, browserName: chrome, browserVersion: 81.0.4044.129, chrome: {chromedriverVersion: 81.0.4044.69 (6813546031a4b..., userDataDir: /var/folders/tf/r49cy4dx4b1...}, goog:chromeOptions: {debuggerAddress: localhost:49337}, javascriptEnabled: true, networkConnectionEnabled: false, pageLoadStrategy: normal, platform: MAC, platformName: MAC, proxy: Proxy(), setWindowRect: true, strictFileInteractability: false, timeouts: {implicit: 0, pageLoad: 300000, script: 30000}, unhandledPromptBehavior: dismiss and notify, webauthn:virtualAuthenticators: true}
Session ID: 721a5703374b91ebbe4a99cbdc2a43db
*** Element info: {Using=xpath, value=//div[@id='drupal-off-canvas']//ul[@class='layout-selection list-group']}
at java.base/jdk.internal.reflect.NativeConstructorAccessorImpl.newInstance0(Native Method)
at java.base/jdk.internal.reflect.NativeConstructorAccessorImpl.newInstance(NativeConstructorAccessorImpl.java:62)
at java.base/jdk.internal.reflect.DelegatingConstructorAccessorImpl.newInstance(DelegatingConstructorAccessorImpl.java:45)
at java.base/java.lang.reflect.Constructor.newInstanceWithCaller(Constructor.java:500)
at java.base/java.lang.reflect.Constructor.newInstance(Constructor.java:481)
at org.openqa.selenium.remote.http.W3CHttpResponseCodec.createException(W3CHttpResponseCodec.java:187)
at org.openqa.selenium.remote.http.W3CHttpResponseCodec.decode(W3CHttpResponseCodec.java:122)
at org.openqa.selenium.remote.http.W3CHttpResponseCodec.decode(W3CHttpResponseCodec.java:49)
at org.openqa.selenium.remote.HttpCommandExecutor.execute(HttpCommandExecutor.java:158)
at org.openqa.selenium.remote.service.DriverCommandExecutor.execute(DriverCommandExecutor.java:83)
at org.openqa.selenium.remote.RemoteWebDriver.execute(RemoteWebDriver.java:552)
at org.openqa.selenium.remote.RemoteWebDriver.findElement(RemoteWebDriver.java:323)
at org.openqa.selenium.remote.RemoteWebDriver.findElementByXPath(RemoteWebDriver.java:428)
at org.openqa.selenium.By$ByXPath.findElement(By.java:353)
at org.openqa.selenium.remote.RemoteWebDriver.findElement(RemoteWebDriver.java:315)
at org.openqa.selenium.support.pagefactory.DefaultElementLocator.findElement(DefaultElementLocator.java:69)
at org.openqa.selenium.support.pagefactory.internal.LocatingElementHandler.invoke(LocatingElementHandler.java:38)
at com.sun.proxy.$Proxy12.findElements(Unknown Source)
at ezcontent.qa.pages.LandingPage.getNumberOfSection(LandingPage.java:291)
at ezcontent.qa.pages.LandingPage.fifthSection(LandingPage.java:456)
at ezcontent.qa.testcases.LandingPageTest.fifthBlockConfiguration(LandingPageTest.java:152)
at java.base/jdk.internal.reflect.NativeMethodAccessorImpl.invoke0(Native Method)
at java.base/jdk.internal.reflect.NativeMethodAccessorImpl.invoke(NativeMethodAccessorImpl.java:62)
at java.base/jdk.internal.reflect.DelegatingMethodAccessorImpl.invoke(DelegatingMethodAccessorImpl.java:43)
at java.base/java.lang.reflect.Method.invoke(Method.java:567)
at org.testng.internal.MethodInvocationHelper.invokeMethod(MethodInvocationHelper.java:134)
at org.testng.internal.TestInvoker.invokeMethod(TestInvoker.java:597)
at org.testng.internal.TestInvoker.invokeTestMethod(TestInvoker.java:173)
at org.testng.internal.MethodRunner.runInSequence(MethodRunner.java:46)
at org.testng.internal.TestInvoker$MethodInvocationAgent.invoke(TestInvoker.java:816)
at org.testng.internal.TestInvoker.invokeTestMethods(TestInvoker.java:146)
at org.testng.internal.TestMethodWorker.invokeTestMethods(TestMethodWorker.java:146)
at org.testng.internal.TestMethodWorker.run(TestMethodWorker.java:128)
at java.base/java.util.ArrayList.forEach(ArrayList.java:1507)
at org.testng.TestRunner.privateRun(TestRunner.java:766)
at org.testng.TestRunner.run(TestRunner.java:587)
at org.testng.SuiteRunner.runTest(SuiteRunner.java:384)
at org.testng.SuiteRunner.runSequentially(SuiteRunner.java:378)
at org.testng.SuiteRunner.privateRun(SuiteRunner.java:337)
at org.testng.SuiteRunner.run(SuiteRunner.java:286)
at org.testng.SuiteRunnerWorker.runSuite(SuiteRunnerWorker.java:53)
at org.testng.SuiteRunnerWorker.run(SuiteRunnerWorker.java:96)
at org.testng.TestNG.runSuitesSequentially(TestNG.java:1187)
at org.testng.TestNG.runSuitesLocally(TestNG.java:1109)
at org.testng.TestNG.runSuites(TestNG.java:1039)
at org.testng.TestNG.run(TestNG.java:1007)
at org.testng.remote.AbstractRemoteTestNG.run(AbstractRemoteTestNG.java:115)
at org.testng.remote.RemoteTestNG.initAndRun(RemoteTestNG.java:251)
at org.testng.remote.RemoteTestNG.main(RemoteTestNG.java:77)
]]>
            </full-stacktrace>
          </exception> <!-- org.openqa.selenium.NoSuchElementException -->
          <reporter-output>
          </reporter-output>
        </test-method> <!-- fifthBlockConfiguration -->
        <test-method is-config="true" signature="takeScreenShotOnFailure(org.testng.ITestResult)[pri:0, instance:ezcontent.qa.testcases.LandingPageTest@7ea37dbf]" started-at="2020-05-04T12:35:09 IST" name="takeScreenShotOnFailure" finished-at="2020-05-04T12:35:09 IST" duration-ms="278" status="PASS">
          <params>
            <param index="0">
              <value>
                <![CDATA[[TestResult name=fifthBlockConfiguration status=FAILURE method=LandingPageTest.fifthBlockConfiguration()[pri:15, instance:ezcontent.qa.testcases.LandingPageTest@7ea37dbf] output={null}]]]>
              </value>
            </param>
          </params>
          <reporter-output>
          </reporter-output>
        </test-method> <!-- takeScreenShotOnFailure -->
        <test-method signature="fourthBlockConfiguration()[pri:15, instance:ezcontent.qa.testcases.LandingPageTest@7ea37dbf]" started-at="2020-05-04T12:35:09 IST" name="fourthBlockConfiguration" finished-at="2020-05-04T12:35:31 IST" duration-ms="21646" status="PASS">
          <reporter-output>
          </reporter-output>
        </test-method> <!-- fourthBlockConfiguration -->
        <test-method is-config="true" signature="takeScreenShotOnFailure(org.testng.ITestResult)[pri:0, instance:ezcontent.qa.testcases.LandingPageTest@7ea37dbf]" started-at="2020-05-04T12:35:31 IST" name="takeScreenShotOnFailure" finished-at="2020-05-04T12:35:31 IST" duration-ms="1" status="PASS">
          <params>
            <param index="0">
              <value>
                <![CDATA[[TestResult name=fourthBlockConfiguration status=SUCCESS method=LandingPageTest.fourthBlockConfiguration()[pri:15, instance:ezcontent.qa.testcases.LandingPageTest@7ea37dbf] output={null}]]]>
              </value>
            </param>
          </params>
          <reporter-output>
          </reporter-output>
        </test-method> <!-- takeScreenShotOnFailure -->
        <test-method signature="sixthBlockConfiguration()[pri:15, instance:ezcontent.qa.testcases.LandingPageTest@7ea37dbf]" started-at="2020-05-04T12:35:31 IST" name="sixthBlockConfiguration" finished-at="2020-05-04T12:35:56 IST" duration-ms="25100" status="FAIL">
          <exception class="org.openqa.selenium.NoSuchElementException">
            <message>
              <![CDATA[no such element: Unable to locate element: {"method":"xpath","selector":"//div[@id='drupal-off-canvas']//ul[@class='layout-selection list-group']"}
  (Session info: chrome=81.0.4044.129)
For documentation on this error, please visit: https://www.seleniumhq.org/exceptions/no_such_element.html
Build info: version: '3.141.59', revision: 'e82be7d358', time: '2018-11-14T08:17:03'
System info: host: 'Poonam-Lata-MBP.local', ip: '192.168.1.100', os.name: 'Mac OS X', os.arch: 'x86_64', os.version: '10.12.6', java.version: '13.0.2'
Driver info: org.openqa.selenium.chrome.ChromeDriver
Capabilities {acceptInsecureCerts: false, browserName: chrome, browserVersion: 81.0.4044.129, chrome: {chromedriverVersion: 81.0.4044.69 (6813546031a4b..., userDataDir: /var/folders/tf/r49cy4dx4b1...}, goog:chromeOptions: {debuggerAddress: localhost:49337}, javascriptEnabled: true, networkConnectionEnabled: false, pageLoadStrategy: normal, platform: MAC, platformName: MAC, proxy: Proxy(), setWindowRect: true, strictFileInteractability: false, timeouts: {implicit: 0, pageLoad: 300000, script: 30000}, unhandledPromptBehavior: dismiss and notify, webauthn:virtualAuthenticators: true}
Session ID: 721a5703374b91ebbe4a99cbdc2a43db
*** Element info: {Using=xpath, value=//div[@id='drupal-off-canvas']//ul[@class='layout-selection list-group']}]]>
            </message>
            <full-stacktrace>
              <![CDATA[org.openqa.selenium.NoSuchElementException: no such element: Unable to locate element: {"method":"xpath","selector":"//div[@id='drupal-off-canvas']//ul[@class='layout-selection list-group']"}
  (Session info: chrome=81.0.4044.129)
For documentation on this error, please visit: https://www.seleniumhq.org/exceptions/no_such_element.html
Build info: version: '3.141.59', revision: 'e82be7d358', time: '2018-11-14T08:17:03'
System info: host: 'Poonam-Lata-MBP.local', ip: '192.168.1.100', os.name: 'Mac OS X', os.arch: 'x86_64', os.version: '10.12.6', java.version: '13.0.2'
Driver info: org.openqa.selenium.chrome.ChromeDriver
Capabilities {acceptInsecureCerts: false, browserName: chrome, browserVersion: 81.0.4044.129, chrome: {chromedriverVersion: 81.0.4044.69 (6813546031a4b..., userDataDir: /var/folders/tf/r49cy4dx4b1...}, goog:chromeOptions: {debuggerAddress: localhost:49337}, javascriptEnabled: true, networkConnectionEnabled: false, pageLoadStrategy: normal, platform: MAC, platformName: MAC, proxy: Proxy(), setWindowRect: true, strictFileInteractability: false, timeouts: {implicit: 0, pageLoad: 300000, script: 30000}, unhandledPromptBehavior: dismiss and notify, webauthn:virtualAuthenticators: true}
Session ID: 721a5703374b91ebbe4a99cbdc2a43db
*** Element info: {Using=xpath, value=//div[@id='drupal-off-canvas']//ul[@class='layout-selection list-group']}
at java.base/jdk.internal.reflect.NativeConstructorAccessorImpl.newInstance0(Native Method)
at java.base/jdk.internal.reflect.NativeConstructorAccessorImpl.newInstance(NativeConstructorAccessorImpl.java:62)
at java.base/jdk.internal.reflect.DelegatingConstructorAccessorImpl.newInstance(DelegatingConstructorAccessorImpl.java:45)
at java.base/java.lang.reflect.Constructor.newInstanceWithCaller(Constructor.java:500)
at java.base/java.lang.reflect.Constructor.newInstance(Constructor.java:481)
at org.openqa.selenium.remote.http.W3CHttpResponseCodec.createException(W3CHttpResponseCodec.java:187)
at org.openqa.selenium.remote.http.W3CHttpResponseCodec.decode(W3CHttpResponseCodec.java:122)
at org.openqa.selenium.remote.http.W3CHttpResponseCodec.decode(W3CHttpResponseCodec.java:49)
at org.openqa.selenium.remote.HttpCommandExecutor.execute(HttpCommandExecutor.java:158)
at org.openqa.selenium.remote.service.DriverCommandExecutor.execute(DriverCommandExecutor.java:83)
at org.openqa.selenium.remote.RemoteWebDriver.execute(RemoteWebDriver.java:552)
at org.openqa.selenium.remote.RemoteWebDriver.findElement(RemoteWebDriver.java:323)
at org.openqa.selenium.remote.RemoteWebDriver.findElementByXPath(RemoteWebDriver.java:428)
at org.openqa.selenium.By$ByXPath.findElement(By.java:353)
at org.openqa.selenium.remote.RemoteWebDriver.findElement(RemoteWebDriver.java:315)
at org.openqa.selenium.support.pagefactory.DefaultElementLocator.findElement(DefaultElementLocator.java:69)
at org.openqa.selenium.support.pagefactory.internal.LocatingElementHandler.invoke(LocatingElementHandler.java:38)
at com.sun.proxy.$Proxy12.findElements(Unknown Source)
at ezcontent.qa.pages.LandingPage.getNumberOfSection(LandingPage.java:291)
at ezcontent.qa.pages.LandingPage.sixthSection(LandingPage.java:483)
at ezcontent.qa.testcases.LandingPageTest.sixthBlockConfiguration(LandingPageTest.java:157)
at java.base/jdk.internal.reflect.NativeMethodAccessorImpl.invoke0(Native Method)
at java.base/jdk.internal.reflect.NativeMethodAccessorImpl.invoke(NativeMethodAccessorImpl.java:62)
at java.base/jdk.internal.reflect.DelegatingMethodAccessorImpl.invoke(DelegatingMethodAccessorImpl.java:43)
at java.base/java.lang.reflect.Method.invoke(Method.java:567)
at org.testng.internal.MethodInvocationHelper.invokeMethod(MethodInvocationHelper.java:134)
at org.testng.internal.TestInvoker.invokeMethod(TestInvoker.java:597)
at org.testng.internal.TestInvoker.invokeTestMethod(TestInvoker.java:173)
at org.testng.internal.MethodRunner.runInSequence(MethodRunner.java:46)
at org.testng.internal.TestInvoker$MethodInvocationAgent.invoke(TestInvoker.java:816)
at org.testng.internal.TestInvoker.invokeTestMethods(TestInvoker.java:146)
at org.testng.internal.TestMethodWorker.invokeTestMethods(TestMethodWorker.java:146)
at org.testng.internal.TestMethodWorker.run(TestMethodWorker.java:128)
at java.base/java.util.ArrayList.forEach(ArrayList.java:1507)
at org.testng.TestRunner.privateRun(TestRunner.java:766)
at org.testng.TestRunner.run(TestRunner.java:587)
at org.testng.SuiteRunner.runTest(SuiteRunner.java:384)
at org.testng.SuiteRunner.runSequentially(SuiteRunner.java:378)
at org.testng.SuiteRunner.privateRun(SuiteRunner.java:337)
at org.testng.SuiteRunner.run(SuiteRunner.java:286)
at org.testng.SuiteRunnerWorker.runSuite(SuiteRunnerWorker.java:53)
at org.testng.SuiteRunnerWorker.run(SuiteRunnerWorker.java:96)
at org.testng.TestNG.runSuitesSequentially(TestNG.java:1187)
at org.testng.TestNG.runSuitesLocally(TestNG.java:1109)
at org.testng.TestNG.runSuites(TestNG.java:1039)
at org.testng.TestNG.run(TestNG.java:1007)
at org.testng.remote.AbstractRemoteTestNG.run(AbstractRemoteTestNG.java:115)
at org.testng.remote.RemoteTestNG.initAndRun(RemoteTestNG.java:251)
at org.testng.remote.RemoteTestNG.main(RemoteTestNG.java:77)
]]>
            </full-stacktrace>
          </exception> <!-- org.openqa.selenium.NoSuchElementException -->
          <reporter-output>
          </reporter-output>
        </test-method> <!-- sixthBlockConfiguration -->
        <test-method is-config="true" signature="takeScreenShotOnFailure(org.testng.ITestResult)[pri:0, instance:ezcontent.qa.testcases.LandingPageTest@7ea37dbf]" started-at="2020-05-04T12:35:56 IST" name="takeScreenShotOnFailure" finished-at="2020-05-04T12:35:56 IST" duration-ms="265" status="PASS">
          <params>
            <param index="0">
              <value>
                <![CDATA[[TestResult name=sixthBlockConfiguration status=FAILURE method=LandingPageTest.sixthBlockConfiguration()[pri:15, instance:ezcontent.qa.testcases.LandingPageTest@7ea37dbf] output={null}]]]>
              </value>
            </param>
          </params>
          <reporter-output>
          </reporter-output>
        </test-method> <!-- takeScreenShotOnFailure -->
      </class> <!-- ezcontent.qa.testcases.LandingPageTest -->
    </test> <!-- Default test -->
  </suite> <!-- Default suite -->
</testng-results>
